C51 COMPILER V9.57.0.0   RTX51TINY01V2                                                     02/25/2019 16:49:52 PAGE 1   


C51 COMPILER V9.57.0.0, COMPILATION OF MODULE RTX51TINY01V2
OBJECT MODULE PLACED IN .\Objects\RTX51Tiny01v2.obj
COMPILER INVOKED BY: C:\Keil_v5\C51\BIN\C51.EXE ..\..\..\Desktop\RTX51Tiny01v2.c LARGE OPTIMIZE(8,SPEED) BROWSE DEBUG OB
                    -JECTEXTEND PRINT(.\Listings\RTX51Tiny01v2.lst) TABS(2) OBJECT(.\Objects\RTX51Tiny01v2.obj)

line level    source

   1          /******************************************************************************/
   2          /*                                                                            */
   3          /*                   RTX51Tiny01.c:  The first RTX-51 Program                     */
   4          /*                                                                            */
   5          /******************************************************************************/
   6          
   7          #include <reg51.h>
   8          #include <rtx51tny.h>                 /* RTX-51 tiny functions & defines      */
   9          
  10          #define T_INIT  0
  11          #define T_LED   1
  12          #define T_SEG7_L  2
  13          #define T_SEG7_H  3
  14          
  15          int arr0[8] = { 0x0FE, 0x0FD, 0x0FB, 0x0F7, 0x0EF, 0x0DF, 0x0BF, 0x07F };
  16          int idx0 = 7;
  17          
  18          int arr1[10] = { 0x0C0, 0x0F9, 0x0A4, 0x0B0, 0x99, 0x92, 0x82, 0x0F8, 0x80, 0x98};
  19          int idx1 = 9;
  20          int idx2 = 9;
  21          
  22          /******************************************************************************/
  23          /*        Task 0 'init': Initialize                                           */
  24          /******************************************************************************/
  25          void init (void) _task_ T_INIT  {       /* program execution starts here        */
  26   1       
  27   1        P1 = 0x0FF;
  28   1        P2 = 0x0FF;
  29   1        P3 = 0x0FF;
  30   1        os_create_task (1);             /* start clock task                     */
  31   1        os_create_task (2);           /* start command task                   */
  32   1        os_create_task (3);           /* start command task                   */
  33   1      
  34   1        os_delete_task (0);              /* stop init task (no longer needed)    */
  35   1      }
  36          
  37          
  38          /******************************************************************************/
  39          /*    Task 0 'led_rotate':  RTX-51 tiny starts this task with os_create_task (0)    */
  40          /******************************************************************************/
  41          led_rotate () _task_ T_LED  {
  42   1        while (1)  {                        /* endless loop                         */
  43   2          idx0++;
  44   2          if(idx0==8) idx0=0;
  45   2          P1 = arr0[idx0];
  46   2          os_wait (K_TMO, 50, 0);
  47   2        }
  48   1      }
  49          
  50          /******************************************************************************/
  51          /*    Task 2 'seg7':  RTX-51 tiny starts this task with os_create_task (2)    */
  52          /******************************************************************************/
  53          seg7 () _task_ T_SEG7_L  {
  54   1        while (1)  {                        /* endless loop                         */
C51 COMPILER V9.57.0.0   RTX51TINY01V2                                                     02/25/2019 16:49:52 PAGE 2   

  55   2          idx1++;
  56   2          if(idx1==10) {
  57   3              idx1=0;
  58   3              os_send_signal (T_SEG7_H);
  59   3          };
  60   2          P3 = arr1[idx1];
  61   2          os_wait (K_TMO, 50, 0);
  62   2        }
  63   1      }
  64          
  65          
  66          /******************************************************************************/
  67          /*    Task 3 'seg7':  RTX-51 tiny starts this task with os_create_task (3)    */
  68          /******************************************************************************/
  69          seg7_2 () _task_ T_SEG7_H  {
  70   1        while (1)  {                        /* endless loop                         */
  71   2          os_wait (K_SIG, 0, 0);
  72   2          idx2++;
  73   2          if(idx2==10) idx2=0;
  74   2          P2 = arr1[idx2];
  75   2          
  76   2        }
  77   1      }


MODULE INFORMATION:   STATIC OVERLAYABLE
   CODE SIZE        =    246    ----
   CONSTANT SIZE    =   ----    ----
   XDATA SIZE       =     42    ----
   PDATA SIZE       =   ----    ----
   DATA SIZE        =   ----    ----
   IDATA SIZE       =   ----    ----
   BIT SIZE         =   ----    ----
END OF MODULE INFORMATION.


C51 COMPILATION COMPLETE.  0 WARNING(S),  0 ERROR(S)
