A51 MACRO ASSEMBLER  TASK_SWITCHING                                                       02/25/2019 16:40:43 PAGE     1


MACRO ASSEMBLER A51 V8.2.7.0
NO OBJECT MODULE REQUESTED
ASSEMBLER INVOKED BY: C:\Keil_v5\C51\BIN\A51.EXE task_switching.C SET(LARGE) DEBUG PRINT(.\Listings\task_switching.lst) 
                      OBJECT(.\Objects\task_switching.obj) EP

LOC  OBJ            LINE     SOURCE

                       1     
                       2     
                       3     
                       4     
                       5     
                       6     
                       7     ;#include <reg51.h>
                +1     8     
                +1     9     
                +1    10     
                +1    11     
                +1    12     
                +1    13     
                +1    14     
                +1    15     
                +1    16     
                +1    17     
                +1    18     
                +1    19     
  0080          +1    20     sfr P0   = 0x80;
*** _____________________________^
*** ERROR #A10 IN 20 (C:\KEIL_V5\C51\INC\REG51.H, LINE 13): ATTEMPT TO DEFINE AN ALREADY DEFINED SYMBOL
  0090          +1    21     sfr P1   = 0x90;
*** _____________________________^
*** ERROR #A10 IN 21 (C:\KEIL_V5\C51\INC\REG51.H, LINE 14): ATTEMPT TO DEFINE AN ALREADY DEFINED SYMBOL
  00A0          +1    22     sfr P2   = 0xA0;
*** _____________________________^
*** ERROR #A10 IN 22 (C:\KEIL_V5\C51\INC\REG51.H, LINE 15): ATTEMPT TO DEFINE AN ALREADY DEFINED SYMBOL
  00B0          +1    23     sfr P3   = 0xB0;
*** _____________________________^
*** ERROR #A10 IN 23 (C:\KEIL_V5\C51\INC\REG51.H, LINE 16): ATTEMPT TO DEFINE AN ALREADY DEFINED SYMBOL
  00D0          +1    24     sfr PSW  = 0xD0;
*** _____________________________^
*** ERROR #A10 IN 24 (C:\KEIL_V5\C51\INC\REG51.H, LINE 17): ATTEMPT TO DEFINE AN ALREADY DEFINED SYMBOL
  00E0          +1    25     sfr ACC  = 0xE0;
*** _____________________________^
*** ERROR #A10 IN 25 (C:\KEIL_V5\C51\INC\REG51.H, LINE 18): ATTEMPT TO DEFINE AN ALREADY DEFINED SYMBOL
  00F0          +1    26     sfr B    = 0xF0;
*** _____________________________^
*** ERROR #A10 IN 26 (C:\KEIL_V5\C51\INC\REG51.H, LINE 19): ATTEMPT TO DEFINE AN ALREADY DEFINED SYMBOL
  0081          +1    27     sfr SP   = 0x81;
*** _____________________________^
*** ERROR #A10 IN 27 (C:\KEIL_V5\C51\INC\REG51.H, LINE 20): ATTEMPT TO DEFINE AN ALREADY DEFINED SYMBOL
  0082          +1    28     sfr DPL  = 0x82;
*** _____________________________^
*** ERROR #A10 IN 28 (C:\KEIL_V5\C51\INC\REG51.H, LINE 21): ATTEMPT TO DEFINE AN ALREADY DEFINED SYMBOL
  0083          +1    29     sfr DPH  = 0x83;
*** _____________________________^
*** ERROR #A10 IN 29 (C:\KEIL_V5\C51\INC\REG51.H, LINE 22): ATTEMPT TO DEFINE AN ALREADY DEFINED SYMBOL
  0087          +1    30     sfr PCON = 0x87;
*** _____________________________^
*** ERROR #A10 IN 30 (C:\KEIL_V5\C51\INC\REG51.H, LINE 23): ATTEMPT TO DEFINE AN ALREADY DEFINED SYMBOL
  0088          +1    31     sfr TCON = 0x88;
*** _____________________________^
*** ERROR #A10 IN 31 (C:\KEIL_V5\C51\INC\REG51.H, LINE 24): ATTEMPT TO DEFINE AN ALREADY DEFINED SYMBOL
  0089          +1    32     sfr TMOD = 0x89;
*** _____________________________^
A51 MACRO ASSEMBLER  TASK_SWITCHING                                                       02/25/2019 16:40:43 PAGE     2

*** ERROR #A10 IN 32 (C:\KEIL_V5\C51\INC\REG51.H, LINE 25): ATTEMPT TO DEFINE AN ALREADY DEFINED SYMBOL
  008A          +1    33     sfr TL0  = 0x8A;
*** _____________________________^
*** ERROR #A10 IN 33 (C:\KEIL_V5\C51\INC\REG51.H, LINE 26): ATTEMPT TO DEFINE AN ALREADY DEFINED SYMBOL
  008B          +1    34     sfr TL1  = 0x8B;
*** _____________________________^
*** ERROR #A10 IN 34 (C:\KEIL_V5\C51\INC\REG51.H, LINE 27): ATTEMPT TO DEFINE AN ALREADY DEFINED SYMBOL
  008C          +1    35     sfr TH0  = 0x8C;
*** _____________________________^
*** ERROR #A10 IN 35 (C:\KEIL_V5\C51\INC\REG51.H, LINE 28): ATTEMPT TO DEFINE AN ALREADY DEFINED SYMBOL
  008D          +1    36     sfr TH1  = 0x8D;
*** _____________________________^
*** ERROR #A10 IN 36 (C:\KEIL_V5\C51\INC\REG51.H, LINE 29): ATTEMPT TO DEFINE AN ALREADY DEFINED SYMBOL
  00A8          +1    37     sfr IE   = 0xA8;
*** _____________________________^
*** ERROR #A10 IN 37 (C:\KEIL_V5\C51\INC\REG51.H, LINE 30): ATTEMPT TO DEFINE AN ALREADY DEFINED SYMBOL
  00B8          +1    38     sfr IP   = 0xB8;
*** _____________________________^
*** ERROR #A10 IN 38 (C:\KEIL_V5\C51\INC\REG51.H, LINE 31): ATTEMPT TO DEFINE AN ALREADY DEFINED SYMBOL
  0098          +1    39     sfr SCON = 0x98;
*** _____________________________^
*** ERROR #A10 IN 39 (C:\KEIL_V5\C51\INC\REG51.H, LINE 32): ATTEMPT TO DEFINE AN ALREADY DEFINED SYMBOL
  0099          +1    40     sfr SBUF = 0x99;
*** _____________________________^
*** ERROR #A10 IN 40 (C:\KEIL_V5\C51\INC\REG51.H, LINE 33): ATTEMPT TO DEFINE AN ALREADY DEFINED SYMBOL
                +1    41     
                +1    42     
                +1    43     
                +1    44     
  00D7          +1    45     sbit CY   = 0xD7;
*** ______________________________^
*** ERROR #A10 IN 45 (C:\KEIL_V5\C51\INC\REG51.H, LINE 38): ATTEMPT TO DEFINE AN ALREADY DEFINED SYMBOL
  00D6          +1    46     sbit AC   = 0xD6;
*** ______________________________^
*** ERROR #A10 IN 46 (C:\KEIL_V5\C51\INC\REG51.H, LINE 39): ATTEMPT TO DEFINE AN ALREADY DEFINED SYMBOL
  00D5          +1    47     sbit F0   = 0xD5;
*** ______________________________^
*** ERROR #A10 IN 47 (C:\KEIL_V5\C51\INC\REG51.H, LINE 40): ATTEMPT TO DEFINE AN ALREADY DEFINED SYMBOL
  00D4          +1    48     sbit RS1  = 0xD4;
*** ______________________________^
*** ERROR #A10 IN 48 (C:\KEIL_V5\C51\INC\REG51.H, LINE 41): ATTEMPT TO DEFINE AN ALREADY DEFINED SYMBOL
  00D3          +1    49     sbit RS0  = 0xD3;
*** ______________________________^
*** ERROR #A10 IN 49 (C:\KEIL_V5\C51\INC\REG51.H, LINE 42): ATTEMPT TO DEFINE AN ALREADY DEFINED SYMBOL
  00D2          +1    50     sbit OV   = 0xD2;
*** ______________________________^
*** ERROR #A10 IN 50 (C:\KEIL_V5\C51\INC\REG51.H, LINE 43): ATTEMPT TO DEFINE AN ALREADY DEFINED SYMBOL
  00D0          +1    51     sbit P    = 0xD0;
*** ______________________________^
*** ERROR #A10 IN 51 (C:\KEIL_V5\C51\INC\REG51.H, LINE 44): ATTEMPT TO DEFINE AN ALREADY DEFINED SYMBOL
                +1    52     
                +1    53     
  008F          +1    54     sbit TF1  = 0x8F;
*** ______________________________^
*** ERROR #A10 IN 54 (C:\KEIL_V5\C51\INC\REG51.H, LINE 47): ATTEMPT TO DEFINE AN ALREADY DEFINED SYMBOL
  008E          +1    55     sbit TR1  = 0x8E;
*** ______________________________^
*** ERROR #A10 IN 55 (C:\KEIL_V5\C51\INC\REG51.H, LINE 48): ATTEMPT TO DEFINE AN ALREADY DEFINED SYMBOL
  008D          +1    56     sbit TF0  = 0x8D;
*** ______________________________^
*** ERROR #A10 IN 56 (C:\KEIL_V5\C51\INC\REG51.H, LINE 49): ATTEMPT TO DEFINE AN ALREADY DEFINED SYMBOL
  008C          +1    57     sbit TR0  = 0x8C;
*** ______________________________^
*** ERROR #A10 IN 57 (C:\KEIL_V5\C51\INC\REG51.H, LINE 50): ATTEMPT TO DEFINE AN ALREADY DEFINED SYMBOL
  008B          +1    58     sbit IE1  = 0x8B;
*** ______________________________^
A51 MACRO ASSEMBLER  TASK_SWITCHING                                                       02/25/2019 16:40:43 PAGE     3

*** ERROR #A10 IN 58 (C:\KEIL_V5\C51\INC\REG51.H, LINE 51): ATTEMPT TO DEFINE AN ALREADY DEFINED SYMBOL
  008A          +1    59     sbit IT1  = 0x8A;
*** ______________________________^
*** ERROR #A10 IN 59 (C:\KEIL_V5\C51\INC\REG51.H, LINE 52): ATTEMPT TO DEFINE AN ALREADY DEFINED SYMBOL
  0089          +1    60     sbit IE0  = 0x89;
*** ______________________________^
*** ERROR #A10 IN 60 (C:\KEIL_V5\C51\INC\REG51.H, LINE 53): ATTEMPT TO DEFINE AN ALREADY DEFINED SYMBOL
  0088          +1    61     sbit IT0  = 0x88;
*** ______________________________^
*** ERROR #A10 IN 61 (C:\KEIL_V5\C51\INC\REG51.H, LINE 54): ATTEMPT TO DEFINE AN ALREADY DEFINED SYMBOL
                +1    62     
                +1    63     
  00AF          +1    64     sbit EA   = 0xAF;
*** ______________________________^
*** ERROR #A10 IN 64 (C:\KEIL_V5\C51\INC\REG51.H, LINE 57): ATTEMPT TO DEFINE AN ALREADY DEFINED SYMBOL
  00AC          +1    65     sbit ES   = 0xAC;
*** ______________________________^
*** ERROR #A10 IN 65 (C:\KEIL_V5\C51\INC\REG51.H, LINE 58): ATTEMPT TO DEFINE AN ALREADY DEFINED SYMBOL
  00AB          +1    66     sbit ET1  = 0xAB;
*** ______________________________^
*** ERROR #A10 IN 66 (C:\KEIL_V5\C51\INC\REG51.H, LINE 59): ATTEMPT TO DEFINE AN ALREADY DEFINED SYMBOL
  00AA          +1    67     sbit EX1  = 0xAA;
*** ______________________________^
*** ERROR #A10 IN 67 (C:\KEIL_V5\C51\INC\REG51.H, LINE 60): ATTEMPT TO DEFINE AN ALREADY DEFINED SYMBOL
  00A9          +1    68     sbit ET0  = 0xA9;
*** ______________________________^
*** ERROR #A10 IN 68 (C:\KEIL_V5\C51\INC\REG51.H, LINE 61): ATTEMPT TO DEFINE AN ALREADY DEFINED SYMBOL
  00A8          +1    69     sbit EX0  = 0xA8;
*** ______________________________^
*** ERROR #A10 IN 69 (C:\KEIL_V5\C51\INC\REG51.H, LINE 62): ATTEMPT TO DEFINE AN ALREADY DEFINED SYMBOL
                +1    70     
                +1    71      
  00BC          +1    72     sbit PS   = 0xBC;
*** ______________________________^
*** ERROR #A10 IN 72 (C:\KEIL_V5\C51\INC\REG51.H, LINE 65): ATTEMPT TO DEFINE AN ALREADY DEFINED SYMBOL
  00BB          +1    73     sbit PT1  = 0xBB;
*** ______________________________^
*** ERROR #A10 IN 73 (C:\KEIL_V5\C51\INC\REG51.H, LINE 66): ATTEMPT TO DEFINE AN ALREADY DEFINED SYMBOL
  00BA          +1    74     sbit PX1  = 0xBA;
*** ______________________________^
*** ERROR #A10 IN 74 (C:\KEIL_V5\C51\INC\REG51.H, LINE 67): ATTEMPT TO DEFINE AN ALREADY DEFINED SYMBOL
  00B9          +1    75     sbit PT0  = 0xB9;
*** ______________________________^
*** ERROR #A10 IN 75 (C:\KEIL_V5\C51\INC\REG51.H, LINE 68): ATTEMPT TO DEFINE AN ALREADY DEFINED SYMBOL
  00B8          +1    76     sbit PX0  = 0xB8;
*** ______________________________^
*** ERROR #A10 IN 76 (C:\KEIL_V5\C51\INC\REG51.H, LINE 69): ATTEMPT TO DEFINE AN ALREADY DEFINED SYMBOL
                +1    77     
                +1    78     
  00B7          +1    79     sbit RD   = 0xB7;
*** ______________________________^
*** ERROR #A10 IN 79 (C:\KEIL_V5\C51\INC\REG51.H, LINE 72): ATTEMPT TO DEFINE AN ALREADY DEFINED SYMBOL
  00B6          +1    80     sbit WR   = 0xB6;
*** ______________________________^
*** ERROR #A10 IN 80 (C:\KEIL_V5\C51\INC\REG51.H, LINE 73): ATTEMPT TO DEFINE AN ALREADY DEFINED SYMBOL
  00B5          +1    81     sbit T1   = 0xB5;
*** ______________________________^
*** ERROR #A10 IN 81 (C:\KEIL_V5\C51\INC\REG51.H, LINE 74): ATTEMPT TO DEFINE AN ALREADY DEFINED SYMBOL
  00B4          +1    82     sbit T0   = 0xB4;
*** ______________________________^
*** ERROR #A10 IN 82 (C:\KEIL_V5\C51\INC\REG51.H, LINE 75): ATTEMPT TO DEFINE AN ALREADY DEFINED SYMBOL
  00B3          +1    83     sbit INT1 = 0xB3;
*** ______________________________^
*** ERROR #A10 IN 83 (C:\KEIL_V5\C51\INC\REG51.H, LINE 76): ATTEMPT TO DEFINE AN ALREADY DEFINED SYMBOL
  00B2          +1    84     sbit INT0 = 0xB2;
*** ______________________________^
A51 MACRO ASSEMBLER  TASK_SWITCHING                                                       02/25/2019 16:40:43 PAGE     4

*** ERROR #A10 IN 84 (C:\KEIL_V5\C51\INC\REG51.H, LINE 77): ATTEMPT TO DEFINE AN ALREADY DEFINED SYMBOL
  00B1          +1    85     sbit TXD  = 0xB1;
*** ______________________________^
*** ERROR #A10 IN 85 (C:\KEIL_V5\C51\INC\REG51.H, LINE 78): ATTEMPT TO DEFINE AN ALREADY DEFINED SYMBOL
  00B0          +1    86     sbit RXD  = 0xB0;
*** ______________________________^
*** ERROR #A10 IN 86 (C:\KEIL_V5\C51\INC\REG51.H, LINE 79): ATTEMPT TO DEFINE AN ALREADY DEFINED SYMBOL
                +1    87     
                +1    88     
  009F          +1    89     sbit SM0  = 0x9F;
*** ______________________________^
*** ERROR #A10 IN 89 (C:\KEIL_V5\C51\INC\REG51.H, LINE 82): ATTEMPT TO DEFINE AN ALREADY DEFINED SYMBOL
  009E          +1    90     sbit SM1  = 0x9E;
*** ______________________________^
*** ERROR #A10 IN 90 (C:\KEIL_V5\C51\INC\REG51.H, LINE 83): ATTEMPT TO DEFINE AN ALREADY DEFINED SYMBOL
  009D          +1    91     sbit SM2  = 0x9D;
*** ______________________________^
*** ERROR #A10 IN 91 (C:\KEIL_V5\C51\INC\REG51.H, LINE 84): ATTEMPT TO DEFINE AN ALREADY DEFINED SYMBOL
  009C          +1    92     sbit REN  = 0x9C;
*** ______________________________^
*** ERROR #A10 IN 92 (C:\KEIL_V5\C51\INC\REG51.H, LINE 85): ATTEMPT TO DEFINE AN ALREADY DEFINED SYMBOL
  009B          +1    93     sbit TB8  = 0x9B;
*** ______________________________^
*** ERROR #A10 IN 93 (C:\KEIL_V5\C51\INC\REG51.H, LINE 86): ATTEMPT TO DEFINE AN ALREADY DEFINED SYMBOL
  009A          +1    94     sbit RB8  = 0x9A;
*** ______________________________^
*** ERROR #A10 IN 94 (C:\KEIL_V5\C51\INC\REG51.H, LINE 87): ATTEMPT TO DEFINE AN ALREADY DEFINED SYMBOL
  0099          +1    95     sbit TI   = 0x99;
*** ______________________________^
*** ERROR #A10 IN 95 (C:\KEIL_V5\C51\INC\REG51.H, LINE 88): ATTEMPT TO DEFINE AN ALREADY DEFINED SYMBOL
  0098          +1    96     sbit RI   = 0x98;
*** ______________________________^
*** ERROR #A10 IN 96 (C:\KEIL_V5\C51\INC\REG51.H, LINE 89): ATTEMPT TO DEFINE AN ALREADY DEFINED SYMBOL
                +1    97     
                +1    98     
                      99     
                     100     ;#include <rtx51tny.h> 
                +1   101     
                +1   102     
                +1   103     
                +1   104     
                +1   105     
                +1   106     
                +1   107     
                +1   108     
                +1   109     
                +1   110     
                +1   111     
                +1   112     
                +1   113     
                +1   114     
                +1   115     
                +1   116     
                +1   117     
                +1   118     
                +1   119     
                +1   120     
                +1   121     
                +1   122     
                +1   123     
                +1   124     extern unsigned char os_create_task     (unsigned char task_id);
*** _________________________^
*** ERROR #A9 IN 124 (C:\KEIL_V5\C51\INC\RTX51TNY.H, LINE 24): SYNTAX ERROR
                +1   125     extern unsigned char os_delete_task     (unsigned char task_id);
*** _________________________^
*** ERROR #A9 IN 125 (C:\KEIL_V5\C51\INC\RTX51TNY.H, LINE 25): SYNTAX ERROR
A51 MACRO ASSEMBLER  TASK_SWITCHING                                                       02/25/2019 16:40:43 PAGE     5

                +1   126     
                +1   127     extern unsigned char os_wait            (unsigned char typ, 
*** _________________________^
*** ERROR #A9 IN 127 (C:\KEIL_V5\C51\INC\RTX51TNY.H, LINE 27): SYNTAX ERROR
                +1   128                                              unsigned char ticks,
*** __________________________________________________________________^
*** ERROR #A9 IN 128 (C:\KEIL_V5\C51\INC\RTX51TNY.H, LINE 28): SYNTAX ERROR
                +1   129                                              unsigned int dummy);
*** __________________________________________________________________^
*** ERROR #A9 IN 129 (C:\KEIL_V5\C51\INC\RTX51TNY.H, LINE 29): SYNTAX ERROR
                +1   130     extern unsigned char os_wait1           (unsigned char typ);
*** _________________________^
*** ERROR #A9 IN 130 (C:\KEIL_V5\C51\INC\RTX51TNY.H, LINE 30): SYNTAX ERROR
                +1   131     extern unsigned char os_wait2           (unsigned char typ,
*** _________________________^
*** ERROR #A9 IN 131 (C:\KEIL_V5\C51\INC\RTX51TNY.H, LINE 31): SYNTAX ERROR
                +1   132                                              unsigned char ticks);
*** __________________________________________________________________^
*** ERROR #A9 IN 132 (C:\KEIL_V5\C51\INC\RTX51TNY.H, LINE 32): SYNTAX ERROR
                +1   133     
                +1   134     extern unsigned char os_send_signal     (unsigned char task_id);
*** _________________________^
*** ERROR #A9 IN 134 (C:\KEIL_V5\C51\INC\RTX51TNY.H, LINE 34): SYNTAX ERROR
                +1   135     extern unsigned char os_clear_signal    (unsigned char task_id);
*** _________________________^
*** ERROR #A9 IN 135 (C:\KEIL_V5\C51\INC\RTX51TNY.H, LINE 35): SYNTAX ERROR
                +1   136     extern unsigned char isr_send_signal    (unsigned char task_id);
*** _________________________^
*** ERROR #A9 IN 136 (C:\KEIL_V5\C51\INC\RTX51TNY.H, LINE 36): SYNTAX ERROR
                +1   137     
                +1   138     extern void          os_set_ready       (unsigned char task_id);
*** _________________________^
*** ERROR #A9 IN 138 (C:\KEIL_V5\C51\INC\RTX51TNY.H, LINE 38): SYNTAX ERROR
                +1   139     extern void          isr_set_ready      (unsigned char task_id);
*** _________________________^
*** ERROR #A9 IN 139 (C:\KEIL_V5\C51\INC\RTX51TNY.H, LINE 39): SYNTAX ERROR
                +1   140     
                +1   141     extern unsigned char os_running_task_id (void);
*** _________________________^
*** ERROR #A9 IN 141 (C:\KEIL_V5\C51\INC\RTX51TNY.H, LINE 41): SYNTAX ERROR
                +1   142     extern unsigned char os_switch_task     (void); 
*** _________________________^
*** ERROR #A9 IN 142 (C:\KEIL_V5\C51\INC\RTX51TNY.H, LINE 42): SYNTAX ERROR
                +1   143     
                +1   144     extern void          os_reset_interval  (unsigned char ticks);
*** _________________________^
*** ERROR #A9 IN 144 (C:\KEIL_V5\C51\INC\RTX51TNY.H, LINE 44): SYNTAX ERROR
                +1   145     
                +1   146     
                     147     
                     148     
                     149     
                     150     
                     151     
                     152     
                     153     
                     154     int arr0[8] = { 0x0FE, 0x0FD, 0x0FB, 0x0F7, 0x0EF, 0x0DF, 0x0BF, 0x07F };
*** _________________________^
*** _________________________________^
*** ___________________________________^
*** _______________________________________^
*** ________________________________________________________________________________________________^
*** ERROR #A9 IN 154 (task_switching.C, LINE 15): SYNTAX ERROR
*** ERROR #A3 IN 154 (task_switching.C, LINE 15): ILLEGAL CHARACTER
*** ERROR #A3 IN 154 (task_switching.C, LINE 15): ILLEGAL CHARACTER
*** ERROR #A3 IN 154 (task_switching.C, LINE 15): ILLEGAL CHARACTER
A51 MACRO ASSEMBLER  TASK_SWITCHING                                                       02/25/2019 16:40:43 PAGE     6

*** ERROR #A3 IN 154 (task_switching.C, LINE 15): ILLEGAL CHARACTER
                     155     int idx0 = 7;
*** _________________________^
*** ERROR #A9 IN 155 (task_switching.C, LINE 16): SYNTAX ERROR
                     156     
                     157     int arr1[10] = { 0x0C0, 0x0F9, 0x0A4, 0x0B0, 0x99, 0x92, 0x82, 0x0F8, 0x80, 0x98};
*** _________________________^
*** _________________________________^
*** ____________________________________^
*** ________________________________________^
*** _________________________________________________________________________________________________________^
*** ERROR #A9 IN 157 (task_switching.C, LINE 18): SYNTAX ERROR
*** ERROR #A3 IN 157 (task_switching.C, LINE 18): ILLEGAL CHARACTER
*** ERROR #A3 IN 157 (task_switching.C, LINE 18): ILLEGAL CHARACTER
*** ERROR #A3 IN 157 (task_switching.C, LINE 18): ILLEGAL CHARACTER
*** ERROR #A3 IN 157 (task_switching.C, LINE 18): ILLEGAL CHARACTER
                     158     int idx1 = 9;
*** _________________________^
*** ERROR #A9 IN 158 (task_switching.C, LINE 19): SYNTAX ERROR
                     159     int idx2 = 9;
*** _________________________^
*** ERROR #A9 IN 159 (task_switching.C, LINE 20): SYNTAX ERROR
                     160     
                     161     
                     162     
                     163     
                     164     void init (void) _task_ 0  {        
*** _________________________^
*** ____________________________________________________^
*** ERROR #A9 IN 164 (task_switching.C, LINE 25): SYNTAX ERROR
*** ERROR #A3 IN 164 (task_switching.C, LINE 25): ILLEGAL CHARACTER
                     165      
                     166             P1 = 0x0FF;
*** _________________________________^
*** ERROR #A9 IN 166 (task_switching.C, LINE 27): SYNTAX ERROR
                     167             P2 = 0x0FF;
*** _________________________________^
*** ERROR #A9 IN 167 (task_switching.C, LINE 28): SYNTAX ERROR
                     168             P3 = 0x0FF;
*** _________________________________^
*** ERROR #A9 IN 168 (task_switching.C, LINE 29): SYNTAX ERROR
                     169       os_create_task (1);             /* start clock task                     */
*** ___________________________^
*** ERROR #A9 IN 169 (task_switching.C, LINE 30): SYNTAX ERROR
                     170       os_create_task (2);           /* start command task                   */
*** ___________________________^
*** ERROR #A9 IN 170 (task_switching.C, LINE 31): SYNTAX ERROR
                     171       os_create_task (3);           /* start command task                   */
*** ___________________________^
*** ERROR #A9 IN 171 (task_switching.C, LINE 32): SYNTAX ERROR
                     172     
                     173       os_delete_task (0);              /* stop init task (no longer needed)    */
*** ___________________________^
*** ERROR #A9 IN 173 (task_switching.C, LINE 34): SYNTAX ERROR
                     174     }
*** _________________________^
*** ERROR #A9 IN 174 (task_switching.C, LINE 35): SYNTAX ERROR
                     175     
                     176     
                     177     
                     178     
                     179     
                     180     led_rotate () _task_ 1  {
*** _________________________^
*** _________________________________________________^
*** ERROR #A9 IN 180 (task_switching.C, LINE 41): SYNTAX ERROR
A51 MACRO ASSEMBLER  TASK_SWITCHING                                                       02/25/2019 16:40:43 PAGE     7

*** ERROR #A3 IN 180 (task_switching.C, LINE 41): ILLEGAL CHARACTER
                     181       while (1)  {                         
*** ___________________________^
*** ______________________________________^
*** ERROR #A9 IN 181 (task_switching.C, LINE 38): SYNTAX ERROR
*** ERROR #A3 IN 181 (task_switching.C, LINE 38): ILLEGAL CHARACTER
                     182                     idx0++;
*** _________________________________________^
*** ERROR #A9 IN 182 (task_switching.C, LINE 43): SYNTAX ERROR
                     183                     if(idx0==8) idx0=0;
*** ___________________________________________^
*** ____________________________________________^
*** ERROR #A21 IN 183 (task_switching.C, LINE 44): EXPRESSION WITH FORWARD REFERENCE NOT PERMITTED
*** ERROR #A45 IN 183 (task_switching.C, LINE 44): UNDEFINED SYMBOL (PASS-2)
                     184                     P1 = arr0[idx0];
                                             os_wait (0x02, 50, 0);
                               }
                             }
                             
                             
                             
                             
                             seg7 () _task_ 2  {
                               while (1)  {                         
                                             idx1++;
                                             if(idx1==10) {
                                                             idx1=0;
                                                             os_send_signal (3);
                                             };
                                             P3 = arr1[idx1];
                                             os_wait (0x02, 50, 0);
                               }
                             }
                             
                             
                             
                             
                             
                             seg7_2 () _task_ 3  {
                               while (1)  {                         
                                             os_wait (0x01, 0, 0);
                                             idx2++;
                                             if(idx2==10) idx2=0;
                                             P2 = arr1[idx2];
                                             
                               }
                             }
*** ERROR #A56 IN 216 (task_switching.C, LINE 77): UNBALANCED IF-ENDIF CONTROLS
*** WARNING #A41 IN 216 (task_switching.C, LINE 77): MISSING 'END' STATEMENT
A51 MACRO ASSEMBLER  TASK_SWITCHING                                                       02/25/2019 16:40:43 PAGE     8

SYMBOL TABLE LISTING
------ ----- -------


N A M E             T Y P E  V A L U E   ATTRIBUTES

AC . . . . . . . .  B ADDR   00D0H.6 A   
ACC. . . . . . . .  D ADDR   00E0H   A   
ARR0 . . . . . . .    ----   -----       
ARR1 . . . . . . .    ----   -----       
B. . . . . . . . .  D ADDR   00F0H   A   
CHAR . . . . . . .    ----   -----       
CY . . . . . . . .  B ADDR   00D0H.7 A   
DPH. . . . . . . .  D ADDR   0083H   A   
DPL. . . . . . . .  D ADDR   0082H   A   
DUMMY. . . . . . .    ----   -----       
EA . . . . . . . .  B ADDR   00A8H.7 A   
ES . . . . . . . .  B ADDR   00A8H.4 A   
ET0. . . . . . . .  B ADDR   00A8H.1 A   
ET1. . . . . . . .  B ADDR   00A8H.3 A   
EX0. . . . . . . .  B ADDR   00A8H.0 A   
EX1. . . . . . . .  B ADDR   00A8H.2 A   
EXTERN . . . . . .    ----   -----       
F0 . . . . . . . .  B ADDR   00D0H.5 A   
IDX0 . . . . . . .    ----   -----       
IDX1 . . . . . . .    ----   -----       
IDX2 . . . . . . .    ----   -----       
IE . . . . . . . .  D ADDR   00A8H   A   
IE0. . . . . . . .  B ADDR   0088H.1 A   
IE1. . . . . . . .  B ADDR   0088H.3 A   
INIT . . . . . . .    ----   -----       
INT. . . . . . . .    ----   -----       
INT0 . . . . . . .  B ADDR   00B0H.2 A   
INT1 . . . . . . .  B ADDR   00B0H.3 A   
IP . . . . . . . .  D ADDR   00B8H   A   
ISR_SEND_SIGNAL. .    ----   -----       
ISR_SET_READY. . .    ----   -----       
IT0. . . . . . . .  B ADDR   0088H.0 A   
IT1. . . . . . . .  B ADDR   0088H.2 A   
LED_ROTATE . . . .    ----   -----       
OS_CLEAR_SIGNAL. .    ----   -----       
OS_CREATE_TASK . .    ----   -----       
OS_DELETE_TASK . .    ----   -----       
OS_RESET_INTERVAL.    ----   -----       
OS_RUNNING_TASK_ID    ----   -----       
OS_SEND_SIGNAL . .    ----   -----       
OS_SET_READY . . .    ----   -----       
OS_SWITCH_TASK . .    ----   -----       
OS_WAIT. . . . . .    ----   -----       
OS_WAIT1 . . . . .    ----   -----       
OS_WAIT2 . . . . .    ----   -----       
OV . . . . . . . .  B ADDR   00D0H.2 A   
P. . . . . . . . .  B ADDR   00D0H.0 A   
P0 . . . . . . . .  D ADDR   0080H   A   
P1 . . . . . . . .  D ADDR   0090H   A   
P2 . . . . . . . .  D ADDR   00A0H   A   
P3 . . . . . . . .  D ADDR   00B0H   A   
PCON . . . . . . .  D ADDR   0087H   A   
PS . . . . . . . .  B ADDR   00B8H.4 A   
PSW. . . . . . . .  D ADDR   00D0H   A   
PT0. . . . . . . .  B ADDR   00B8H.1 A   
PT1. . . . . . . .  B ADDR   00B8H.3 A   
PX0. . . . . . . .  B ADDR   00B8H.0 A   
PX1. . . . . . . .  B ADDR   00B8H.2 A   
RB8. . . . . . . .  B ADDR   0098H.2 A   
RD . . . . . . . .  B ADDR   00B0H.7 A   
A51 MACRO ASSEMBLER  TASK_SWITCHING                                                       02/25/2019 16:40:43 PAGE     9

REN. . . . . . . .  B ADDR   0098H.4 A   
RI . . . . . . . .  B ADDR   0098H.0 A   
RS0. . . . . . . .  B ADDR   00D0H.3 A   
RS1. . . . . . . .  B ADDR   00D0H.4 A   
RXD. . . . . . . .  B ADDR   00B0H.0 A   
SBUF . . . . . . .  D ADDR   0099H   A   
SCON . . . . . . .  D ADDR   0098H   A   
SM0. . . . . . . .  B ADDR   0098H.7 A   
SM1. . . . . . . .  B ADDR   0098H.6 A   
SM2. . . . . . . .  B ADDR   0098H.5 A   
SP . . . . . . . .  D ADDR   0081H   A   
T0 . . . . . . . .  B ADDR   00B0H.4 A   
T1 . . . . . . . .  B ADDR   00B0H.5 A   
TASK_ID. . . . . .    ----   -----       
TB8. . . . . . . .  B ADDR   0098H.3 A   
TCON . . . . . . .  D ADDR   0088H   A   
TF0. . . . . . . .  B ADDR   0088H.5 A   
TF1. . . . . . . .  B ADDR   0088H.7 A   
TH0. . . . . . . .  D ADDR   008CH   A   
TH1. . . . . . . .  D ADDR   008DH   A   
TI . . . . . . . .  B ADDR   0098H.1 A   
TICKS. . . . . . .    ----   -----       
TL0. . . . . . . .  D ADDR   008AH   A   
TL1. . . . . . . .  D ADDR   008BH   A   
TMOD . . . . . . .  D ADDR   0089H   A   
TR0. . . . . . . .  B ADDR   0088H.4 A   
TR1. . . . . . . .  B ADDR   0088H.6 A   
TXD. . . . . . . .  B ADDR   00B0H.1 A   
TYP. . . . . . . .    ----   -----       
UNSIGNED . . . . .    ----   -----       
VOID . . . . . . .    ----   -----       
WHILE. . . . . . .    ----   -----       
WR . . . . . . . .  B ADDR   00B0H.6 A   
_TASK_ . . . . . .    ----   -----       


REGISTER BANK(S) USED: 0 


ASSEMBLY COMPLETE.  1 WARNING(S), 111 ERROR(S)
